<?xml version="1.0" encoding="UTF-8"?>
<testng-results skipped="0" failed="1" ignored="2" total="8" passed="5">
  <reporter-output>
  </reporter-output>
  <suite name="All Test Suite" duration-ms="18164" started-at="2021-02-09T20:32:34 PST" finished-at="2021-02-09T20:32:52 PST">
    <groups>
    </groups>
    <test name="/Users/venlini/Documents/Elakkia/mywork/PageObjectModelDemo/src/test/java" duration-ms="18164" started-at="2021-02-09T20:32:34 PST" finished-at="2021-02-09T20:32:52 PST">
      <class name="com.sfdc.web.Login">
        <test-method status="PASS" signature="dependencyFulfillMent()[pri:0, instance:com.sfdc.web.Login@7fac631b]" name="dependencyFulfillMent" is-config="true" duration-ms="4401" started-at="2021-02-09T20:32:29 PST" finished-at="2021-02-09T20:32:34 PST">
          <reporter-output>
          </reporter-output>
        </test-method> <!-- dependencyFulfillMent -->
        <test-method status="PASS" signature="settingDependency()[pri:0, instance:com.sfdc.web.Login@7fac631b]" name="settingDependency" is-config="true" duration-ms="652" started-at="2021-02-09T20:32:34 PST" finished-at="2021-02-09T20:32:34 PST">
          <reporter-output>
          </reporter-output>
        </test-method> <!-- settingDependency -->
        <test-method status="PASS" signature="LoginSfdcWithForgotPassword()[pri:0, instance:com.sfdc.web.Login@7fac631b]" name="LoginSfdcWithForgotPassword" duration-ms="995" started-at="2021-02-09T20:32:34 PST" finished-at="2021-02-09T20:32:35 PST">
          <reporter-output>
          </reporter-output>
        </test-method> <!-- LoginSfdcWithForgotPassword -->
        <test-method status="PASS" signature="settingDependency()[pri:0, instance:com.sfdc.web.Login@7fac631b]" name="settingDependency" is-config="true" duration-ms="137" started-at="2021-02-09T20:32:35 PST" finished-at="2021-02-09T20:32:35 PST">
          <reporter-output>
          </reporter-output>
        </test-method> <!-- settingDependency -->
        <test-method status="PASS" signature="loginToSFDCInvalidUser()[pri:0, instance:com.sfdc.web.Login@7fac631b]" name="loginToSFDCInvalidUser" duration-ms="1649" started-at="2021-02-09T20:32:35 PST" finished-at="2021-02-09T20:32:37 PST">
          <reporter-output>
          </reporter-output>
        </test-method> <!-- loginToSFDCInvalidUser -->
        <test-method status="PASS" signature="settingDependency()[pri:0, instance:com.sfdc.web.Login@7fac631b]" name="settingDependency" is-config="true" duration-ms="176" started-at="2021-02-09T20:32:37 PST" finished-at="2021-02-09T20:32:37 PST">
          <reporter-output>
          </reporter-output>
        </test-method> <!-- settingDependency -->
        <test-method status="PASS" signature="loginToSFDCWebAutomationPortal()[pri:0, instance:com.sfdc.web.Login@7fac631b]" name="loginToSFDCWebAutomationPortal" duration-ms="5107" started-at="2021-02-09T20:32:37 PST" finished-at="2021-02-09T20:32:42 PST">
          <reporter-output>
          </reporter-output>
        </test-method> <!-- loginToSFDCWebAutomationPortal -->
        <test-method status="PASS" signature="terminateApp()[pri:0, instance:com.sfdc.web.Login@7fac631b]" name="terminateApp" is-config="true" duration-ms="849" started-at="2021-02-09T20:32:52 PST" finished-at="2021-02-09T20:32:53 PST">
          <reporter-output>
          </reporter-output>
        </test-method> <!-- terminateApp -->
      </class> <!-- com.sfdc.web.Login -->
      <class name="com.sfdc.web.Account">
        <test-method status="PASS" signature="settingDependency()[pri:0, instance:com.sfdc.web.Account@5b87ed94]" name="settingDependency" is-config="true" duration-ms="3297" started-at="2021-02-09T20:32:42 PST" finished-at="2021-02-09T20:32:46 PST">
          <reporter-output>
          </reporter-output>
        </test-method> <!-- settingDependency -->
        <test-method status="PASS" signature="launchSfdcAccountTab()[pri:0, instance:com.sfdc.web.Account@5b87ed94]" name="launchSfdcAccountTab" duration-ms="1015" started-at="2021-02-09T20:32:46 PST" finished-at="2021-02-09T20:32:47 PST">
          <reporter-output>
          </reporter-output>
        </test-method> <!-- launchSfdcAccountTab -->
        <test-method status="PASS" signature="sfdcCreateAnAccount()[pri:0, instance:com.sfdc.web.Account@5b87ed94]" name="sfdcCreateAnAccount" duration-ms="3093" started-at="2021-02-09T20:32:47 PST" finished-at="2021-02-09T20:32:50 PST">
          <reporter-output>
          </reporter-output>
        </test-method> <!-- sfdcCreateAnAccount -->
        <test-method status="FAIL" signature="sfdcCreateNewViewAccount()[pri:0, instance:com.sfdc.web.Account@5b87ed94]" name="sfdcCreateNewViewAccount" duration-ms="1991" started-at="2021-02-09T20:32:50 PST" finished-at="2021-02-09T20:32:52 PST">
          <exception class="java.lang.NoClassDefFoundError">
            <message>
              <![CDATA[org.openqa.selenium.WebDriverException]]>
            </message>
            <full-stacktrace>
              <![CDATA[java.lang.NoClassDefFoundError: org.openqa.selenium.WebDriverException
at java.lang.Class.getDeclaredConstructors0(Native Method)
at java.lang.Class.privateGetDeclaredConstructors(Class.java:2671)
at java.lang.Class.getConstructor0(Class.java:3075)
at java.lang.Class.getConstructor(Class.java:1825)
at org.openqa.selenium.remote.codec.w3c.W3CHttpResponseCodec.createException(W3CHttpResponseCodec.java:195)
at org.openqa.selenium.remote.codec.w3c.W3CHttpResponseCodec.decode(W3CHttpResponseCodec.java:129)
at org.openqa.selenium.remote.codec.w3c.W3CHttpResponseCodec.decode(W3CHttpResponseCodec.java:53)
at org.openqa.selenium.remote.HttpCommandExecutor.execute(HttpCommandExecutor.java:167)
at org.openqa.selenium.remote.service.DriverCommandExecutor.execute(DriverCommandExecutor.java:123)
at org.openqa.selenium.remote.RemoteWebDriver.execute(RemoteWebDriver.java:501)
at org.openqa.selenium.remote.RemoteWebDriver.findElement(RemoteWebDriver.java:332)
at org.openqa.selenium.By$ByXPath.findElement(By.java:379)
at org.openqa.selenium.remote.RemoteWebDriver.findElement(RemoteWebDriver.java:312)
at org.openqa.selenium.support.pagefactory.DefaultElementLocator.findElement(DefaultElementLocator.java:70)
at org.openqa.selenium.support.pagefactory.internal.LocatingElementHandler.invoke(LocatingElementHandler.java:39)
at com.sun.proxy.$Proxy15.isDisplayed(Unknown Source)
at org.openqa.selenium.support.ui.ExpectedConditions.elementIfVisible(ExpectedConditions.java:314)
at org.openqa.selenium.support.ui.ExpectedConditions.access$000(ExpectedConditions.java:42)
at org.openqa.selenium.support.ui.ExpectedConditions$10.apply(ExpectedConditions.java:300)
at org.openqa.selenium.support.ui.ExpectedConditions$10.apply(ExpectedConditions.java:297)
at org.openqa.selenium.support.ui.FluentWait.lambda$checkConditionInLoop$2(FluentWait.java:233)
at java.util.concurrent.CompletableFuture$AsyncSupply.run(CompletableFuture.java:1604)
at java.util.concurrent.CompletableFuture$AsyncSupply.exec(CompletableFuture.java:1596)
at java.util.concurrent.ForkJoinTask.doExec(ForkJoinTask.java:289)
at java.util.concurrent.ForkJoinPool$WorkQueue.runTask(ForkJoinPool.java:1056)
at java.util.concurrent.ForkJoinPool.runWorker(ForkJoinPool.java:1692)
at java.util.concurrent.ForkJoinWorkerThread.run(ForkJoinWorkerThread.java:172)
]]>
            </full-stacktrace>
          </exception> <!-- java.lang.NoClassDefFoundError -->
          <reporter-output>
          </reporter-output>
        </test-method> <!-- sfdcCreateNewViewAccount -->
      </class> <!-- com.sfdc.web.Account -->
    </test> <!-- /Users/venlini/Documents/Elakkia/mywork/PageObjectModelDemo/src/test/java -->
  </suite> <!-- All Test Suite -->
</testng-results>
